{"D:\\sem-5\\Bike-Care\\api\\server.js": {"path":"D:\\sem-5\\Bike-Care\\api\\server.js","statementMap":{"0":{"start":{"line":1,"column":0},"end":{"line":1,"column":26}},"1":{"start":{"line":2,"column":16},"end":{"line":2,"column":34}},"2":{"start":{"line":3,"column":13},"end":{"line":3,"column":28}},"3":{"start":{"line":4,"column":17},"end":{"line":4,"column":36}},"4":{"start":{"line":5,"column":21},"end":{"line":5,"column":57}},"5":{"start":{"line":6,"column":23},"end":{"line":6,"column":55}},"6":{"start":{"line":7,"column":21},"end":{"line":7,"column":50}},"7":{"start":{"line":8,"column":22},"end":{"line":8,"column":52}},"8":{"start":{"line":9,"column":23},"end":{"line":9,"column":55}},"9":{"start":{"line":10,"column":12},"end":{"line":10,"column":21}},"10":{"start":{"line":11,"column":13},"end":{"line":11,"column":37}},"11":{"start":{"line":13,"column":20},"end":{"line":15,"column":24}},"12":{"start":{"line":17,"column":0},"end":{"line":21,"column":37}},"13":{"start":{"line":19,"column":8},"end":{"line":19,"column":50}},"14":{"start":{"line":21,"column":20},"end":{"line":21,"column":36}},"15":{"start":{"line":23,"column":0},"end":{"line":23,"column":23}},"16":{"start":{"line":25,"column":0},"end":{"line":27,"column":2}},"17":{"start":{"line":26,"column":4},"end":{"line":26,"column":27}},"18":{"start":{"line":28,"column":0},"end":{"line":28,"column":36}},"19":{"start":{"line":29,"column":0},"end":{"line":29,"column":31}},"20":{"start":{"line":30,"column":0},"end":{"line":30,"column":36}},"21":{"start":{"line":31,"column":0},"end":{"line":31,"column":54}},"22":{"start":{"line":32,"column":0},"end":{"line":32,"column":32}},"23":{"start":{"line":34,"column":0},"end":{"line":34,"column":56}},"24":{"start":{"line":36,"column":0},"end":{"line":36,"column":22}},"25":{"start":{"line":38,"column":0},"end":{"line":40,"column":2}},"26":{"start":{"line":39,"column":4},"end":{"line":39,"column":49}},"27":{"start":{"line":41,"column":0},"end":{"line":41,"column":21}}},"fnMap":{"0":{"name":"(anonymous_0)","decl":{"start":{"line":18,"column":10},"end":{"line":18,"column":11}},"loc":{"start":{"line":18,"column":16},"end":{"line":20,"column":5}},"line":18},"1":{"name":"(anonymous_1)","decl":{"start":{"line":21,"column":11},"end":{"line":21,"column":12}},"loc":{"start":{"line":21,"column":20},"end":{"line":21,"column":36}},"line":21},"2":{"name":"(anonymous_2)","decl":{"start":{"line":25,"column":13},"end":{"line":25,"column":14}},"loc":{"start":{"line":25,"column":27},"end":{"line":27,"column":1}},"line":25},"3":{"name":"(anonymous_3)","decl":{"start":{"line":38,"column":17},"end":{"line":38,"column":18}},"loc":{"start":{"line":38,"column":23},"end":{"line":40,"column":1}},"line":38}},"branchMap":{"0":{"loc":{"start":{"line":11,"column":13},"end":{"line":11,"column":37}},"type":"binary-expr","locations":[{"start":{"line":11,"column":13},"end":{"line":11,"column":29}},{"start":{"line":11,"column":33},"end":{"line":11,"column":37}}],"line":11},"1":{"loc":{"start":{"line":13,"column":20},"end":{"line":15,"column":24}},"type":"cond-expr","locations":[{"start":{"line":14,"column":6},"end":{"line":14,"column":29}},{"start":{"line":15,"column":6},"end":{"line":15,"column":24}}],"line":13}},"s":{"0":2,"1":2,"2":2,"3":2,"4":2,"5":2,"6":2,"7":2,"8":2,"9":2,"10":2,"11":2,"12":2,"13":2,"14":0,"15":2,"16":2,"17":1,"18":2,"19":2,"20":2,"21":2,"22":2,"23":2,"24":2,"25":2,"26":1,"27":2},"f":{"0":2,"1":0,"2":1,"3":1},"b":{"0":[2,0],"1":[2,0]},"_coverageSchema":"1a1c01bbd47fc00a2c39e90264f33305004495a9","hash":"c2c947b891e1c202f9d3baac6c0a2b98bd8e7711"}
,"D:\\sem-5\\Bike-Care\\api\\controller\\serviceController.js": {"path":"D:\\sem-5\\Bike-Care\\api\\controller\\serviceController.js","statementMap":{"0":{"start":{"line":1,"column":21},"end":{"line":1,"column":53}},"1":{"start":{"line":2,"column":16},"end":{"line":2,"column":49}},"2":{"start":{"line":4,"column":19},"end":{"line":13,"column":2}},"3":{"start":{"line":5,"column":2},"end":{"line":12,"column":3}},"4":{"start":{"line":6,"column":23},"end":{"line":6,"column":44}},"5":{"start":{"line":7,"column":4},"end":{"line":7,"column":28}},"6":{"start":{"line":8,"column":4},"end":{"line":8,"column":19}},"7":{"start":{"line":9,"column":4},"end":{"line":9,"column":43}},"8":{"start":{"line":11,"column":4},"end":{"line":11,"column":39}},"9":{"start":{"line":15,"column":23},"end":{"line":22,"column":2}},"10":{"start":{"line":16,"column":2},"end":{"line":21,"column":3}},"11":{"start":{"line":17,"column":21},"end":{"line":17,"column":41}},"12":{"start":{"line":18,"column":4},"end":{"line":18,"column":23}},"13":{"start":{"line":20,"column":4},"end":{"line":20,"column":39}},"14":{"start":{"line":24,"column":26},"end":{"line":32,"column":2}},"15":{"start":{"line":25,"column":2},"end":{"line":31,"column":3}},"16":{"start":{"line":26,"column":4},"end":{"line":26,"column":31}},"17":{"start":{"line":27,"column":4},"end":{"line":27,"column":19}},"18":{"start":{"line":28,"column":4},"end":{"line":28,"column":51}},"19":{"start":{"line":30,"column":4},"end":{"line":30,"column":39}},"20":{"start":{"line":34,"column":20},"end":{"line":46,"column":2}},"21":{"start":{"line":35,"column":2},"end":{"line":45,"column":3}},"22":{"start":{"line":36,"column":20},"end":{"line":36,"column":64}},"23":{"start":{"line":37,"column":4},"end":{"line":37,"column":47}},"24":{"start":{"line":38,"column":4},"end":{"line":38,"column":35}},"25":{"start":{"line":39,"column":4},"end":{"line":39,"column":37}},"26":{"start":{"line":40,"column":4},"end":{"line":40,"column":25}},"27":{"start":{"line":42,"column":4},"end":{"line":42,"column":52}},"28":{"start":{"line":44,"column":4},"end":{"line":44,"column":39}},"29":{"start":{"line":48,"column":22},"end":{"line":64,"column":2}},"30":{"start":{"line":49,"column":2},"end":{"line":63,"column":3}},"31":{"start":{"line":50,"column":22},"end":{"line":50,"column":35}},"32":{"start":{"line":51,"column":20},"end":{"line":51,"column":28}},"33":{"start":{"line":52,"column":20},"end":{"line":52,"column":33}},"34":{"start":{"line":54,"column":27},"end":{"line":54,"column":87}},"35":{"start":{"line":56,"column":4},"end":{"line":58,"column":5}},"36":{"start":{"line":57,"column":6},"end":{"line":57,"column":55}},"37":{"start":{"line":60,"column":4},"end":{"line":60,"column":29}},"38":{"start":{"line":62,"column":4},"end":{"line":62,"column":39}},"39":{"start":{"line":66,"column":26},"end":{"line":80,"column":2}},"40":{"start":{"line":67,"column":2},"end":{"line":79,"column":3}},"41":{"start":{"line":68,"column":22},"end":{"line":68,"column":35}},"42":{"start":{"line":70,"column":27},"end":{"line":70,"column":69}},"43":{"start":{"line":72,"column":4},"end":{"line":74,"column":5}},"44":{"start":{"line":73,"column":6},"end":{"line":73,"column":55}},"45":{"start":{"line":76,"column":4},"end":{"line":76,"column":46}},"46":{"start":{"line":78,"column":4},"end":{"line":78,"column":39}},"47":{"start":{"line":82,"column":22},"end":{"line":90,"column":2}},"48":{"start":{"line":83,"column":2},"end":{"line":89,"column":3}},"49":{"start":{"line":84,"column":4},"end":{"line":84,"column":64}},"50":{"start":{"line":86,"column":4},"end":{"line":86,"column":45}},"51":{"start":{"line":88,"column":4},"end":{"line":88,"column":39}},"52":{"start":{"line":92,"column":0},"end":{"line":100,"column":2}}},"fnMap":{"0":{"name":"(anonymous_0)","decl":{"start":{"line":4,"column":32},"end":{"line":4,"column":33}},"loc":{"start":{"line":4,"column":52},"end":{"line":13,"column":1}},"line":4},"1":{"name":"(anonymous_1)","decl":{"start":{"line":15,"column":36},"end":{"line":15,"column":37}},"loc":{"start":{"line":15,"column":56},"end":{"line":22,"column":1}},"line":15},"2":{"name":"(anonymous_2)","decl":{"start":{"line":24,"column":39},"end":{"line":24,"column":40}},"loc":{"start":{"line":24,"column":59},"end":{"line":32,"column":1}},"line":24},"3":{"name":"(anonymous_3)","decl":{"start":{"line":34,"column":33},"end":{"line":34,"column":34}},"loc":{"start":{"line":34,"column":53},"end":{"line":46,"column":1}},"line":34},"4":{"name":"(anonymous_4)","decl":{"start":{"line":48,"column":35},"end":{"line":48,"column":36}},"loc":{"start":{"line":48,"column":55},"end":{"line":64,"column":1}},"line":48},"5":{"name":"(anonymous_5)","decl":{"start":{"line":66,"column":39},"end":{"line":66,"column":40}},"loc":{"start":{"line":66,"column":59},"end":{"line":80,"column":1}},"line":66},"6":{"name":"(anonymous_6)","decl":{"start":{"line":82,"column":35},"end":{"line":82,"column":36}},"loc":{"start":{"line":82,"column":55},"end":{"line":90,"column":1}},"line":82}},"branchMap":{"0":{"loc":{"start":{"line":56,"column":4},"end":{"line":58,"column":5}},"type":"if","locations":[{"start":{"line":56,"column":4},"end":{"line":58,"column":5}},{"start":{},"end":{}}],"line":56},"1":{"loc":{"start":{"line":72,"column":4},"end":{"line":74,"column":5}},"type":"if","locations":[{"start":{"line":72,"column":4},"end":{"line":74,"column":5}},{"start":{},"end":{}}],"line":72}},"s":{"0":2,"1":2,"2":2,"3":0,"4":0,"5":0,"6":0,"7":0,"8":0,"9":2,"10":0,"11":0,"12":0,"13":0,"14":2,"15":0,"16":0,"17":0,"18":0,"19":0,"20":2,"21":0,"22":0,"23":0,"24":0,"25":0,"26":0,"27":0,"28":0,"29":2,"30":0,"31":0,"32":0,"33":0,"34":0,"35":0,"36":0,"37":0,"38":0,"39":2,"40":0,"41":0,"42":0,"43":0,"44":0,"45":0,"46":0,"47":2,"48":0,"49":0,"50":0,"51":0,"52":2},"f":{"0":0,"1":0,"2":0,"3":0,"4":0,"5":0,"6":0},"b":{"0":[0,0],"1":[0,0]},"_coverageSchema":"1a1c01bbd47fc00a2c39e90264f33305004495a9","hash":"d54929a953efe2edab730d64be06590e2377daf2"}
,"D:\\sem-5\\Bike-Care\\api\\controller\\userController.js": {"path":"D:\\sem-5\\Bike-Care\\api\\controller\\userController.js","statementMap":{"0":{"start":{"line":1,"column":21},"end":{"line":1,"column":53}},"1":{"start":{"line":2,"column":15},"end":{"line":2,"column":32}},"2":{"start":{"line":3,"column":12},"end":{"line":3,"column":35}},"3":{"start":{"line":4,"column":13},"end":{"line":4,"column":43}},"4":{"start":{"line":9,"column":21},"end":{"line":37,"column":2}},"5":{"start":{"line":10,"column":40},"end":{"line":10,"column":48}},"6":{"start":{"line":11,"column":2},"end":{"line":15,"column":3}},"7":{"start":{"line":13,"column":4},"end":{"line":13,"column":63}},"8":{"start":{"line":14,"column":4},"end":{"line":14,"column":11}},"9":{"start":{"line":16,"column":24},"end":{"line":16,"column":53}},"10":{"start":{"line":17,"column":2},"end":{"line":20,"column":3}},"11":{"start":{"line":18,"column":4},"end":{"line":18,"column":64}},"12":{"start":{"line":19,"column":4},"end":{"line":19,"column":11}},"13":{"start":{"line":22,"column":25},"end":{"line":22,"column":56}},"14":{"start":{"line":23,"column":15},"end":{"line":27,"column":4}},"15":{"start":{"line":29,"column":2},"end":{"line":29,"column":38}},"16":{"start":{"line":30,"column":2},"end":{"line":35,"column":3}},"17":{"start":{"line":31,"column":4},"end":{"line":31,"column":62}},"18":{"start":{"line":33,"column":4},"end":{"line":33,"column":20}},"19":{"start":{"line":34,"column":4},"end":{"line":34,"column":46}},"20":{"start":{"line":36,"column":2},"end":{"line":36,"column":45}},"21":{"start":{"line":42,"column":18},"end":{"line":68,"column":2}},"22":{"start":{"line":43,"column":33},"end":{"line":43,"column":41}},"23":{"start":{"line":44,"column":2},"end":{"line":47,"column":3}},"24":{"start":{"line":45,"column":4},"end":{"line":45,"column":20}},"25":{"start":{"line":46,"column":4},"end":{"line":46,"column":49}},"26":{"start":{"line":48,"column":15},"end":{"line":48,"column":47}},"27":{"start":{"line":50,"column":2},"end":{"line":67,"column":3}},"28":{"start":{"line":51,"column":24},"end":{"line":62,"column":5}},"29":{"start":{"line":63,"column":4},"end":{"line":63,"column":42}},"30":{"start":{"line":65,"column":4},"end":{"line":65,"column":20}},"31":{"start":{"line":66,"column":4},"end":{"line":66,"column":57}},"32":{"start":{"line":70,"column":0},"end":{"line":70,"column":45}}},"fnMap":{"0":{"name":"(anonymous_0)","decl":{"start":{"line":9,"column":34},"end":{"line":9,"column":35}},"loc":{"start":{"line":9,"column":54},"end":{"line":37,"column":1}},"line":9},"1":{"name":"(anonymous_1)","decl":{"start":{"line":42,"column":31},"end":{"line":42,"column":32}},"loc":{"start":{"line":42,"column":51},"end":{"line":68,"column":1}},"line":42}},"branchMap":{"0":{"loc":{"start":{"line":11,"column":2},"end":{"line":15,"column":3}},"type":"if","locations":[{"start":{"line":11,"column":2},"end":{"line":15,"column":3}},{"start":{},"end":{}}],"line":11},"1":{"loc":{"start":{"line":11,"column":6},"end":{"line":11,"column":38}},"type":"binary-expr","locations":[{"start":{"line":11,"column":6},"end":{"line":11,"column":15}},{"start":{"line":11,"column":19},"end":{"line":11,"column":25}},{"start":{"line":11,"column":29},"end":{"line":11,"column":38}}],"line":11},"2":{"loc":{"start":{"line":17,"column":2},"end":{"line":20,"column":3}},"type":"if","locations":[{"start":{"line":17,"column":2},"end":{"line":20,"column":3}},{"start":{},"end":{}}],"line":17},"3":{"loc":{"start":{"line":30,"column":2},"end":{"line":35,"column":3}},"type":"if","locations":[{"start":{"line":30,"column":2},"end":{"line":35,"column":3}},{"start":{"line":32,"column":9},"end":{"line":35,"column":3}}],"line":30},"4":{"loc":{"start":{"line":44,"column":2},"end":{"line":47,"column":3}},"type":"if","locations":[{"start":{"line":44,"column":2},"end":{"line":47,"column":3}},{"start":{},"end":{}}],"line":44},"5":{"loc":{"start":{"line":44,"column":6},"end":{"line":44,"column":28}},"type":"binary-expr","locations":[{"start":{"line":44,"column":6},"end":{"line":44,"column":15}},{"start":{"line":44,"column":19},"end":{"line":44,"column":28}}],"line":44},"6":{"loc":{"start":{"line":50,"column":2},"end":{"line":67,"column":3}},"type":"if","locations":[{"start":{"line":50,"column":2},"end":{"line":67,"column":3}},{"start":{"line":64,"column":9},"end":{"line":67,"column":3}}],"line":50},"7":{"loc":{"start":{"line":50,"column":6},"end":{"line":50,"column":61}},"type":"binary-expr","locations":[{"start":{"line":50,"column":6},"end":{"line":50,"column":10}},{"start":{"line":50,"column":15},"end":{"line":50,"column":60}}],"line":50}},"s":{"0":2,"1":2,"2":2,"3":2,"4":2,"5":3,"6":3,"7":1,"8":1,"9":2,"10":2,"11":1,"12":1,"13":1,"14":1,"15":1,"16":1,"17":1,"18":0,"19":0,"20":1,"21":2,"22":1,"23":1,"24":0,"25":0,"26":1,"27":1,"28":1,"29":1,"30":0,"31":0,"32":2},"f":{"0":3,"1":1},"b":{"0":[1,2],"1":[3,2,2],"2":[1,1],"3":[1,0],"4":[0,1],"5":[1,1],"6":[1,0],"7":[1,1]},"_coverageSchema":"1a1c01bbd47fc00a2c39e90264f33305004495a9","hash":"e8a2a150600388a7e539095b15bdb1a1919883f9"}
,"D:\\sem-5\\Bike-Care\\api\\models\\bookingModel.js": {"path":"D:\\sem-5\\Bike-Care\\api\\models\\bookingModel.js","statementMap":{"0":{"start":{"line":1,"column":17},"end":{"line":1,"column":36}},"1":{"start":{"line":3,"column":22},"end":{"line":15,"column":1}},"2":{"start":{"line":17,"column":0},"end":{"line":17,"column":58}}},"fnMap":{},"branchMap":{},"s":{"0":2,"1":2,"2":2},"f":{},"b":{},"_coverageSchema":"1a1c01bbd47fc00a2c39e90264f33305004495a9","hash":"af5cbfb82787268db94c68ea7ea2a3484135eee9"}
,"D:\\sem-5\\Bike-Care\\api\\models\\userModel.js": {"path":"D:\\sem-5\\Bike-Care\\api\\models\\userModel.js","statementMap":{"0":{"start":{"line":1,"column":17},"end":{"line":1,"column":36}},"1":{"start":{"line":3,"column":19},"end":{"line":19,"column":2}},"2":{"start":{"line":21,"column":0},"end":{"line":28,"column":2}},"3":{"start":{"line":23,"column":10},"end":{"line":23,"column":55}},"4":{"start":{"line":24,"column":10},"end":{"line":24,"column":37}},"5":{"start":{"line":25,"column":10},"end":{"line":25,"column":42}},"6":{"start":{"line":26,"column":10},"end":{"line":26,"column":37}},"7":{"start":{"line":31,"column":0},"end":{"line":31,"column":52}}},"fnMap":{"0":{"name":"(anonymous_0)","decl":{"start":{"line":22,"column":16},"end":{"line":22,"column":17}},"loc":{"start":{"line":22,"column":48},"end":{"line":27,"column":6}},"line":22}},"branchMap":{},"s":{"0":2,"1":2,"2":2,"3":0,"4":0,"5":0,"6":0,"7":2},"f":{"0":0},"b":{},"_coverageSchema":"1a1c01bbd47fc00a2c39e90264f33305004495a9","hash":"87937e21a48626226b1e25b661749a29e3a64328"}
,"D:\\sem-5\\Bike-Care\\api\\routes\\userRoute.js": {"path":"D:\\sem-5\\Bike-Care\\api\\routes\\userRoute.js","statementMap":{"0":{"start":{"line":1,"column":16},"end":{"line":1,"column":34}},"1":{"start":{"line":6,"column":4},"end":{"line":6,"column":43}},"2":{"start":{"line":7,"column":22},"end":{"line":7,"column":67}},"3":{"start":{"line":9,"column":15},"end":{"line":9,"column":31}},"4":{"start":{"line":11,"column":0},"end":{"line":11,"column":39}},"5":{"start":{"line":13,"column":0},"end":{"line":13,"column":33}},"6":{"start":{"line":15,"column":0},"end":{"line":15,"column":24}}},"fnMap":{},"branchMap":{},"s":{"0":2,"1":2,"2":2,"3":2,"4":2,"5":2,"6":2},"f":{},"b":{},"_coverageSchema":"1a1c01bbd47fc00a2c39e90264f33305004495a9","hash":"88fa8927636469048c4eb781ee491f5596ab710f"}
}
